mode: set
github.com/pulumi/pulumi-keybase-encryption/keybase/cache/cache.go:22.39,24.2 1 1
github.com/pulumi/pulumi-keybase-encryption/keybase/cache/cache.go:46.40,48.16 2 1
github.com/pulumi/pulumi-keybase-encryption/keybase/cache/cache.go:48.16,51.3 1 0
github.com/pulumi/pulumi-keybase-encryption/keybase/cache/cache.go:53.2,56.3 1 1
github.com/pulumi/pulumi-keybase-encryption/keybase/cache/cache.go:60.52,61.19 1 1
github.com/pulumi/pulumi-keybase-encryption/keybase/cache/cache.go:61.19,63.3 1 0
github.com/pulumi/pulumi-keybase-encryption/keybase/cache/cache.go:65.2,73.52 3 1
github.com/pulumi/pulumi-keybase-encryption/keybase/cache/cache.go:73.52,75.3 1 1
github.com/pulumi/pulumi-keybase-encryption/keybase/cache/cache.go:78.2,78.60 1 1
github.com/pulumi/pulumi-keybase-encryption/keybase/cache/cache.go:78.60,80.3 1 1
github.com/pulumi/pulumi-keybase-encryption/keybase/cache/cache.go:82.2,82.19 1 1
github.com/pulumi/pulumi-keybase-encryption/keybase/cache/cache.go:87.50,92.13 4 1
github.com/pulumi/pulumi-keybase-encryption/keybase/cache/cache.go:92.13,94.3 1 1
github.com/pulumi/pulumi-keybase-encryption/keybase/cache/cache.go:96.2,96.23 1 1
github.com/pulumi/pulumi-keybase-encryption/keybase/cache/cache.go:96.23,98.3 1 1
github.com/pulumi/pulumi-keybase-encryption/keybase/cache/cache.go:100.2,100.14 1 1
github.com/pulumi/pulumi-keybase-encryption/keybase/cache/cache.go:104.62,118.2 5 1
github.com/pulumi/pulumi-keybase-encryption/keybase/cache/cache.go:121.47,127.2 4 1
github.com/pulumi/pulumi-keybase-encryption/keybase/cache/cache.go:130.31,136.2 4 1
github.com/pulumi/pulumi-keybase-encryption/keybase/cache/cache.go:139.38,144.41 4 1
github.com/pulumi/pulumi-keybase-encryption/keybase/cache/cache.go:144.41,145.24 1 1
github.com/pulumi/pulumi-keybase-encryption/keybase/cache/cache.go:145.24,148.4 2 1
github.com/pulumi/pulumi-keybase-encryption/keybase/cache/cache.go:151.2,151.14 1 1
github.com/pulumi/pulumi-keybase-encryption/keybase/cache/cache.go:151.14,153.3 1 1
github.com/pulumi/pulumi-keybase-encryption/keybase/cache/cache.go:155.2,155.12 1 1
github.com/pulumi/pulumi-keybase-encryption/keybase/cache/cache.go:159.30,164.16 4 1
github.com/pulumi/pulumi-keybase-encryption/keybase/cache/cache.go:164.16,165.25 1 1
github.com/pulumi/pulumi-keybase-encryption/keybase/cache/cache.go:165.25,167.4 1 1
github.com/pulumi/pulumi-keybase-encryption/keybase/cache/cache.go:168.3,168.58 1 0
github.com/pulumi/pulumi-keybase-encryption/keybase/cache/cache.go:171.2,175.57 2 1
github.com/pulumi/pulumi-keybase-encryption/keybase/cache/cache.go:175.57,177.3 1 1
github.com/pulumi/pulumi-keybase-encryption/keybase/cache/cache.go:179.2,180.22 2 1
github.com/pulumi/pulumi-keybase-encryption/keybase/cache/cache.go:180.22,182.3 1 1
github.com/pulumi/pulumi-keybase-encryption/keybase/cache/cache.go:184.2,184.12 1 1
github.com/pulumi/pulumi-keybase-encryption/keybase/cache/cache.go:188.30,196.16 3 1
github.com/pulumi/pulumi-keybase-encryption/keybase/cache/cache.go:196.16,198.3 1 0
github.com/pulumi/pulumi-keybase-encryption/keybase/cache/cache.go:201.2,202.58 2 1
github.com/pulumi/pulumi-keybase-encryption/keybase/cache/cache.go:202.58,204.3 1 1
github.com/pulumi/pulumi-keybase-encryption/keybase/cache/cache.go:206.2,206.55 1 1
github.com/pulumi/pulumi-keybase-encryption/keybase/cache/cache.go:206.55,209.3 2 0
github.com/pulumi/pulumi-keybase-encryption/keybase/cache/cache.go:211.2,211.12 1 1
github.com/pulumi/pulumi-keybase-encryption/keybase/cache/cache.go:215.36,225.34 4 1
github.com/pulumi/pulumi-keybase-encryption/keybase/cache/cache.go:225.34,226.24 1 1
github.com/pulumi/pulumi-keybase-encryption/keybase/cache/cache.go:226.24,228.4 1 1
github.com/pulumi/pulumi-keybase-encryption/keybase/cache/cache.go:228.9,230.4 1 1
github.com/pulumi/pulumi-keybase-encryption/keybase/cache/cache.go:233.2,233.14 1 1
github.com/pulumi/pulumi-keybase-encryption/keybase/cache/manager.go:25.44,30.2 1 1
github.com/pulumi/pulumi-keybase-encryption/keybase/cache/manager.go:33.58,34.19 1 1
github.com/pulumi/pulumi-keybase-encryption/keybase/cache/manager.go:34.19,36.3 1 1
github.com/pulumi/pulumi-keybase-encryption/keybase/cache/manager.go:38.2,39.16 2 1
github.com/pulumi/pulumi-keybase-encryption/keybase/cache/manager.go:39.16,41.3 1 1
github.com/pulumi/pulumi-keybase-encryption/keybase/cache/manager.go:43.2,48.8 2 1
github.com/pulumi/pulumi-keybase-encryption/keybase/cache/manager.go:52.98,54.50 1 1
github.com/pulumi/pulumi-keybase-encryption/keybase/cache/manager.go:54.50,60.3 1 1
github.com/pulumi/pulumi-keybase-encryption/keybase/cache/manager.go:63.2,64.16 2 1
github.com/pulumi/pulumi-keybase-encryption/keybase/cache/manager.go:64.16,66.3 1 0
github.com/pulumi/pulumi-keybase-encryption/keybase/cache/manager.go:68.2,68.20 1 1
github.com/pulumi/pulumi-keybase-encryption/keybase/cache/manager.go:68.20,70.3 1 0
github.com/pulumi/pulumi-keybase-encryption/keybase/cache/manager.go:72.2,75.76 2 1
github.com/pulumi/pulumi-keybase-encryption/keybase/cache/manager.go:75.77,78.3 0 0
github.com/pulumi/pulumi-keybase-encryption/keybase/cache/manager.go:80.2,80.18 1 1
github.com/pulumi/pulumi-keybase-encryption/keybase/cache/manager.go:85.103,86.25 1 1
github.com/pulumi/pulumi-keybase-encryption/keybase/cache/manager.go:86.25,88.3 1 1
github.com/pulumi/pulumi-keybase-encryption/keybase/cache/manager.go:91.2,95.37 4 1
github.com/pulumi/pulumi-keybase-encryption/keybase/cache/manager.go:95.37,96.51 1 1
github.com/pulumi/pulumi-keybase-encryption/keybase/cache/manager.go:96.51,103.4 2 1
github.com/pulumi/pulumi-keybase-encryption/keybase/cache/manager.go:103.9,105.4 1 1
github.com/pulumi/pulumi-keybase-encryption/keybase/cache/manager.go:109.2,109.24 1 1
github.com/pulumi/pulumi-keybase-encryption/keybase/cache/manager.go:109.24,111.17 2 1
github.com/pulumi/pulumi-keybase-encryption/keybase/cache/manager.go:111.17,113.4 1 0
github.com/pulumi/pulumi-keybase-encryption/keybase/cache/manager.go:116.3,116.28 1 1
github.com/pulumi/pulumi-keybase-encryption/keybase/cache/manager.go:116.28,117.78 1 1
github.com/pulumi/pulumi-keybase-encryption/keybase/cache/manager.go:117.79,119.5 0 0
github.com/pulumi/pulumi-keybase-encryption/keybase/cache/manager.go:120.4,124.5 1 1
github.com/pulumi/pulumi-keybase-encryption/keybase/cache/manager.go:129.2,129.37 1 1
github.com/pulumi/pulumi-keybase-encryption/keybase/cache/manager.go:129.37,130.41 1 1
github.com/pulumi/pulumi-keybase-encryption/keybase/cache/manager.go:130.41,132.4 1 1
github.com/pulumi/pulumi-keybase-encryption/keybase/cache/manager.go:132.9,134.4 1 0
github.com/pulumi/pulumi-keybase-encryption/keybase/cache/manager.go:137.2,137.21 1 1
github.com/pulumi/pulumi-keybase-encryption/keybase/cache/manager.go:142.57,144.2 1 1
github.com/pulumi/pulumi-keybase-encryption/keybase/cache/manager.go:147.41,149.2 1 1
github.com/pulumi/pulumi-keybase-encryption/keybase/cache/manager.go:152.40,154.2 1 1
github.com/pulumi/pulumi-keybase-encryption/keybase/cache/manager.go:157.38,159.2 1 1
github.com/pulumi/pulumi-keybase-encryption/keybase/cache/manager.go:162.33,166.2 1 1
github.com/pulumi/pulumi-keybase-encryption/keybase/cache/manager.go:170.34,172.2 1 1
github.com/pulumi/pulumi-keybase-encryption/keybase/cache/manager.go:175.97,177.49 1 1
github.com/pulumi/pulumi-keybase-encryption/keybase/cache/manager.go:177.50,179.3 0 0
github.com/pulumi/pulumi-keybase-encryption/keybase/cache/manager.go:182.2,182.38 1 1
github.com/pulumi/pulumi-keybase-encryption/keybase/cache/manager.go:186.102,188.37 1 1
github.com/pulumi/pulumi-keybase-encryption/keybase/cache/manager.go:188.37,189.50 1 1
github.com/pulumi/pulumi-keybase-encryption/keybase/cache/manager.go:189.51,191.4 0 0
github.com/pulumi/pulumi-keybase-encryption/keybase/cache/manager.go:195.2,195.40 1 1
