mode: set
github.com/pulumi/pulumi-keybase-encryption/keybase/config.go:39.30,46.2 1 1
github.com/pulumi/pulumi-keybase-encryption/keybase/config.go:59.47,60.18 1 1
github.com/pulumi/pulumi-keybase-encryption/keybase/config.go:60.18,62.3 1 1
github.com/pulumi/pulumi-keybase-encryption/keybase/config.go:65.2,66.16 2 1
github.com/pulumi/pulumi-keybase-encryption/keybase/config.go:66.16,68.3 1 0
github.com/pulumi/pulumi-keybase-encryption/keybase/config.go:71.2,71.27 1 1
github.com/pulumi/pulumi-keybase-encryption/keybase/config.go:71.27,73.3 1 1
github.com/pulumi/pulumi-keybase-encryption/keybase/config.go:76.2,82.22 3 1
github.com/pulumi/pulumi-keybase-encryption/keybase/config.go:82.22,85.3 1 1
github.com/pulumi/pulumi-keybase-encryption/keybase/config.go:88.2,92.38 3 1
github.com/pulumi/pulumi-keybase-encryption/keybase/config.go:92.38,94.3 1 0
github.com/pulumi/pulumi-keybase-encryption/keybase/config.go:96.2,96.22 1 1
github.com/pulumi/pulumi-keybase-encryption/keybase/config.go:96.22,98.3 1 1
github.com/pulumi/pulumi-keybase-encryption/keybase/config.go:101.2,104.42 3 1
github.com/pulumi/pulumi-keybase-encryption/keybase/config.go:104.42,106.22 2 1
github.com/pulumi/pulumi-keybase-encryption/keybase/config.go:106.22,107.12 1 1
github.com/pulumi/pulumi-keybase-encryption/keybase/config.go:111.3,111.57 1 1
github.com/pulumi/pulumi-keybase-encryption/keybase/config.go:111.57,113.4 1 1
github.com/pulumi/pulumi-keybase-encryption/keybase/config.go:115.3,115.55 1 1
github.com/pulumi/pulumi-keybase-encryption/keybase/config.go:118.2,118.31 1 1
github.com/pulumi/pulumi-keybase-encryption/keybase/config.go:118.31,120.3 1 1
github.com/pulumi/pulumi-keybase-encryption/keybase/config.go:122.2,128.55 3 1
github.com/pulumi/pulumi-keybase-encryption/keybase/config.go:128.55,130.48 2 1
github.com/pulumi/pulumi-keybase-encryption/keybase/config.go:130.48,132.4 1 1
github.com/pulumi/pulumi-keybase-encryption/keybase/config.go:133.3,133.25 1 1
github.com/pulumi/pulumi-keybase-encryption/keybase/config.go:137.2,137.62 1 1
github.com/pulumi/pulumi-keybase-encryption/keybase/config.go:137.62,139.17 2 1
github.com/pulumi/pulumi-keybase-encryption/keybase/config.go:139.17,141.4 1 1
github.com/pulumi/pulumi-keybase-encryption/keybase/config.go:142.3,142.26 1 1
github.com/pulumi/pulumi-keybase-encryption/keybase/config.go:142.26,144.4 1 1
github.com/pulumi/pulumi-keybase-encryption/keybase/config.go:145.3,145.65 1 1
github.com/pulumi/pulumi-keybase-encryption/keybase/config.go:149.2,149.74 1 1
github.com/pulumi/pulumi-keybase-encryption/keybase/config.go:149.74,151.17 2 1
github.com/pulumi/pulumi-keybase-encryption/keybase/config.go:151.17,153.4 1 1
github.com/pulumi/pulumi-keybase-encryption/keybase/config.go:154.3,154.37 1 1
github.com/pulumi/pulumi-keybase-encryption/keybase/config.go:157.2,157.20 1 1
github.com/pulumi/pulumi-keybase-encryption/keybase/config.go:161.52,162.16 1 1
github.com/pulumi/pulumi-keybase-encryption/keybase/config.go:163.33,164.13 1 1
github.com/pulumi/pulumi-keybase-encryption/keybase/config.go:165.10,166.84 1 1
github.com/pulumi/pulumi-keybase-encryption/keybase/config.go:171.34,174.2 1 1
github.com/pulumi/pulumi-keybase-encryption/keybase/config.go:177.33,187.32 4 1
github.com/pulumi/pulumi-keybase-encryption/keybase/config.go:187.32,189.3 1 1
github.com/pulumi/pulumi-keybase-encryption/keybase/config.go:191.2,191.32 1 1
github.com/pulumi/pulumi-keybase-encryption/keybase/config.go:191.32,193.3 1 1
github.com/pulumi/pulumi-keybase-encryption/keybase/config.go:195.2,195.20 1 1
github.com/pulumi/pulumi-keybase-encryption/keybase/config.go:195.20,197.3 1 1
github.com/pulumi/pulumi-keybase-encryption/keybase/config.go:199.2,201.19 2 1
github.com/pulumi/pulumi-keybase-encryption/keybase/keeper.go:40.55,41.43 1 1
github.com/pulumi/pulumi-keybase-encryption/keybase/keeper.go:41.43,43.3 1 1
github.com/pulumi/pulumi-keybase-encryption/keybase/keeper.go:45.2,45.40 1 1
github.com/pulumi/pulumi-keybase-encryption/keybase/keeper.go:45.40,47.3 1 1
github.com/pulumi/pulumi-keybase-encryption/keybase/keeper.go:50.2,51.25 2 1
github.com/pulumi/pulumi-keybase-encryption/keybase/keeper.go:51.25,61.17 4 1
github.com/pulumi/pulumi-keybase-encryption/keybase/keeper.go:61.17,63.4 1 0
github.com/pulumi/pulumi-keybase-encryption/keybase/keeper.go:67.2,70.16 2 1
github.com/pulumi/pulumi-keybase-encryption/keybase/keeper.go:70.16,72.3 1 0
github.com/pulumi/pulumi-keybase-encryption/keybase/keeper.go:75.2,79.52 2 1
github.com/pulumi/pulumi-keybase-encryption/keybase/keeper.go:79.53,82.3 0 1
github.com/pulumi/pulumi-keybase-encryption/keybase/keeper.go:85.2,88.16 2 1
github.com/pulumi/pulumi-keybase-encryption/keybase/keeper.go:88.16,90.3 1 0
github.com/pulumi/pulumi-keybase-encryption/keybase/keeper.go:92.2,98.8 1 1
github.com/pulumi/pulumi-keybase-encryption/keybase/keeper.go:102.52,104.16 2 1
github.com/pulumi/pulumi-keybase-encryption/keybase/keeper.go:104.16,106.3 1 1
github.com/pulumi/pulumi-keybase-encryption/keybase/keeper.go:108.2,110.4 1 1
github.com/pulumi/pulumi-keybase-encryption/keybase/keeper.go:125.81,126.25 1 1
github.com/pulumi/pulumi-keybase-encryption/keybase/keeper.go:126.25,131.3 1 1
github.com/pulumi/pulumi-keybase-encryption/keybase/keeper.go:134.2,135.16 2 1
github.com/pulumi/pulumi-keybase-encryption/keybase/keeper.go:135.16,137.44 1 1
github.com/pulumi/pulumi-keybase-encryption/keybase/keeper.go:137.44,139.4 1 0
github.com/pulumi/pulumi-keybase-encryption/keybase/keeper.go:140.3,144.4 1 1
github.com/pulumi/pulumi-keybase-encryption/keybase/keeper.go:147.2,147.53 1 1
github.com/pulumi/pulumi-keybase-encryption/keybase/keeper.go:147.53,152.3 1 0
github.com/pulumi/pulumi-keybase-encryption/keybase/keeper.go:155.2,157.41 2 1
github.com/pulumi/pulumi-keybase-encryption/keybase/keeper.go:157.41,162.17 2 1
github.com/pulumi/pulumi-keybase-encryption/keybase/keeper.go:162.17,166.23 2 1
github.com/pulumi/pulumi-keybase-encryption/keybase/keeper.go:166.23,173.5 1 0
github.com/pulumi/pulumi-keybase-encryption/keybase/keeper.go:176.4,176.24 1 1
github.com/pulumi/pulumi-keybase-encryption/keybase/keeper.go:176.24,178.19 2 1
github.com/pulumi/pulumi-keybase-encryption/keybase/keeper.go:178.19,184.6 1 0
github.com/pulumi/pulumi-keybase-encryption/keybase/keeper.go:185.10,191.5 1 0
github.com/pulumi/pulumi-keybase-encryption/keybase/keeper.go:195.3,195.61 1 1
github.com/pulumi/pulumi-keybase-encryption/keybase/keeper.go:195.61,201.4 1 0
github.com/pulumi/pulumi-keybase-encryption/keybase/keeper.go:203.3,203.43 1 1
github.com/pulumi/pulumi-keybase-encryption/keybase/keeper.go:208.2,210.41 2 1
github.com/pulumi/pulumi-keybase-encryption/keybase/keeper.go:210.41,213.3 1 1
github.com/pulumi/pulumi-keybase-encryption/keybase/keeper.go:217.2,218.16 2 1
github.com/pulumi/pulumi-keybase-encryption/keybase/keeper.go:218.16,224.3 1 0
github.com/pulumi/pulumi-keybase-encryption/keybase/keeper.go:227.2,227.32 1 1
github.com/pulumi/pulumi-keybase-encryption/keybase/keeper.go:242.82,243.26 1 1
github.com/pulumi/pulumi-keybase-encryption/keybase/keeper.go:243.26,248.3 1 1
github.com/pulumi/pulumi-keybase-encryption/keybase/keeper.go:251.2,251.34 1 1
github.com/pulumi/pulumi-keybase-encryption/keybase/keeper.go:251.34,253.3 1 0
github.com/pulumi/pulumi-keybase-encryption/keybase/keeper.go:256.2,258.42 2 1
github.com/pulumi/pulumi-keybase-encryption/keybase/keeper.go:258.42,261.17 2 1
github.com/pulumi/pulumi-keybase-encryption/keybase/keeper.go:261.17,263.4 1 0
github.com/pulumi/pulumi-keybase-encryption/keybase/keeper.go:266.3,266.35 1 1
github.com/pulumi/pulumi-keybase-encryption/keybase/keeper.go:266.35,268.4 1 0
github.com/pulumi/pulumi-keybase-encryption/keybase/keeper.go:270.3,270.24 1 1
github.com/pulumi/pulumi-keybase-encryption/keybase/keeper.go:275.2,276.16 2 1
github.com/pulumi/pulumi-keybase-encryption/keybase/keeper.go:276.16,279.17 2 1
github.com/pulumi/pulumi-keybase-encryption/keybase/keeper.go:279.17,281.4 1 1
github.com/pulumi/pulumi-keybase-encryption/keybase/keeper.go:285.2,285.34 1 1
github.com/pulumi/pulumi-keybase-encryption/keybase/keeper.go:285.34,287.3 1 0
github.com/pulumi/pulumi-keybase-encryption/keybase/keeper.go:289.2,289.23 1 1
github.com/pulumi/pulumi-keybase-encryption/keybase/keeper.go:293.104,300.16 4 1
github.com/pulumi/pulumi-keybase-encryption/keybase/keeper.go:300.16,306.3 1 0
github.com/pulumi/pulumi-keybase-encryption/keybase/keeper.go:308.2,308.35 1 1
github.com/pulumi/pulumi-keybase-encryption/keybase/keeper.go:312.70,319.16 4 1
github.com/pulumi/pulumi-keybase-encryption/keybase/keeper.go:319.16,325.17 4 0
github.com/pulumi/pulumi-keybase-encryption/keybase/keeper.go:325.17,327.4 1 0
github.com/pulumi/pulumi-keybase-encryption/keybase/keeper.go:330.2,330.34 1 1
github.com/pulumi/pulumi-keybase-encryption/keybase/keeper.go:334.32,335.27 1 1
github.com/pulumi/pulumi-keybase-encryption/keybase/keeper.go:335.27,337.3 1 1
github.com/pulumi/pulumi-keybase-encryption/keybase/keeper.go:338.2,338.12 1 0
github.com/pulumi/pulumi-keybase-encryption/keybase/keeper.go:349.62,350.45 1 1
github.com/pulumi/pulumi-keybase-encryption/keybase/keeper.go:350.45,351.44 1 1
github.com/pulumi/pulumi-keybase-encryption/keybase/keeper.go:351.44,354.4 2 1
github.com/pulumi/pulumi-keybase-encryption/keybase/keeper.go:357.3,357.34 1 1
github.com/pulumi/pulumi-keybase-encryption/keybase/keeper.go:357.34,359.4 1 1
github.com/pulumi/pulumi-keybase-encryption/keybase/keeper.go:363.2,363.43 1 1
github.com/pulumi/pulumi-keybase-encryption/keybase/keeper.go:363.43,364.45 1 1
github.com/pulumi/pulumi-keybase-encryption/keybase/keeper.go:364.45,367.4 2 1
github.com/pulumi/pulumi-keybase-encryption/keybase/keeper.go:371.2,371.31 1 1
github.com/pulumi/pulumi-keybase-encryption/keybase/keeper.go:382.58,383.45 1 1
github.com/pulumi/pulumi-keybase-encryption/keybase/keeper.go:383.45,385.3 1 1
github.com/pulumi/pulumi-keybase-encryption/keybase/keeper.go:387.2,387.43 1 1
github.com/pulumi/pulumi-keybase-encryption/keybase/keeper.go:387.43,389.3 1 1
github.com/pulumi/pulumi-keybase-encryption/keybase/keeper.go:392.2,392.40 1 1
github.com/pulumi/pulumi-keybase-encryption/keybase/keeper.go:392.40,394.3 1 1
github.com/pulumi/pulumi-keybase-encryption/keybase/keeper.go:397.2,397.46 1 1
github.com/pulumi/pulumi-keybase-encryption/keybase/keeper.go:397.46,399.3 1 1
github.com/pulumi/pulumi-keybase-encryption/keybase/keeper.go:400.2,400.38 1 1
github.com/pulumi/pulumi-keybase-encryption/keybase/keeper.go:400.38,402.3 1 1
github.com/pulumi/pulumi-keybase-encryption/keybase/keeper.go:405.2,413.9 2 1
github.com/pulumi/pulumi-keybase-encryption/keybase/keeper.go:418.31,419.34 1 1
github.com/pulumi/pulumi-keybase-encryption/keybase/keeper.go:422.2,422.25 1 0
github.com/pulumi/pulumi-keybase-encryption/keybase/keeper.go:432.38,433.25 1 0
github.com/pulumi/pulumi-keybase-encryption/keybase/keeper.go:433.25,435.3 1 0
github.com/pulumi/pulumi-keybase-encryption/keybase/keeper.go:436.2,436.18 1 0
github.com/pulumi/pulumi-keybase-encryption/keybase/keeper.go:439.38,441.2 1 1
github.com/pulumi/pulumi-keybase-encryption/keybase/keeper.go:444.70,447.21 2 1
github.com/pulumi/pulumi-keybase-encryption/keybase/keeper.go:448.28,449.27 1 1
github.com/pulumi/pulumi-keybase-encryption/keybase/keeper.go:450.28,451.35 1 1
github.com/pulumi/pulumi-keybase-encryption/keybase/keeper.go:452.29,453.27 1 1
github.com/pulumi/pulumi-keybase-encryption/keybase/keeper.go:454.33,455.34 1 0
github.com/pulumi/pulumi-keybase-encryption/keybase/keeper.go:456.32,457.27 1 0
github.com/pulumi/pulumi-keybase-encryption/keybase/keeper.go:458.30,459.36 1 1
github.com/pulumi/pulumi-keybase-encryption/keybase/keeper.go:460.10,461.26 1 0
github.com/pulumi/pulumi-keybase-encryption/keybase/keeper.go:464.2,468.3 1 1
github.com/pulumi/pulumi-keybase-encryption/keybase/keeper.go:481.66,482.16 1 1
github.com/pulumi/pulumi-keybase-encryption/keybase/keeper.go:482.16,484.3 1 0
github.com/pulumi/pulumi-keybase-encryption/keybase/keeper.go:487.2,487.40 1 1
github.com/pulumi/pulumi-keybase-encryption/keybase/keeper.go:487.40,493.3 1 1
github.com/pulumi/pulumi-keybase-encryption/keybase/keeper.go:497.2,505.9 2 1
github.com/pulumi/pulumi-keybase-encryption/keybase/keeper.go:506.38,511.4 1 1
github.com/pulumi/pulumi-keybase-encryption/keybase/keeper.go:512.31,517.4 1 1
github.com/pulumi/pulumi-keybase-encryption/keybase/keeper.go:518.33,523.4 1 0
github.com/pulumi/pulumi-keybase-encryption/keybase/keeper.go:524.34,529.4 1 1
github.com/pulumi/pulumi-keybase-encryption/keybase/keeper.go:530.35,535.4 1 1
github.com/pulumi/pulumi-keybase-encryption/keybase/keeper.go:536.10,542.4 1 1
github.com/pulumi/pulumi-keybase-encryption/keybase/keeper.go:551.81,552.16 1 1
github.com/pulumi/pulumi-keybase-encryption/keybase/keeper.go:552.16,554.3 1 0
github.com/pulumi/pulumi-keybase-encryption/keybase/keeper.go:556.2,556.13 1 1
github.com/pulumi/pulumi-keybase-encryption/keybase/keeper.go:557.32,562.4 1 1
github.com/pulumi/pulumi-keybase-encryption/keybase/keeper.go:563.24,568.4 1 1
github.com/pulumi/pulumi-keybase-encryption/keybase/keeper.go:569.10,574.4 1 0
github.com/pulumi/pulumi-keybase-encryption/keybase/keeper.go:579.62,581.61 1 1
github.com/pulumi/pulumi-keybase-encryption/keybase/keeper.go:581.61,583.3 1 1
github.com/pulumi/pulumi-keybase-encryption/keybase/keeper.go:586.2,587.16 2 0
github.com/pulumi/pulumi-keybase-encryption/keybase/keeper.go:587.16,589.3 1 0
github.com/pulumi/pulumi-keybase-encryption/keybase/keeper.go:592.2,594.12 2 0
