mode: set
github.com/pulumi/pulumi-keybase-encryption/keybase/crypto/ephemeral.go:45.52,49.2 1 1
github.com/pulumi/pulumi-keybase-encryption/keybase/crypto/ephemeral.go:53.78,54.19 1 1
github.com/pulumi/pulumi-keybase-encryption/keybase/crypto/ephemeral.go:54.19,56.3 1 1
github.com/pulumi/pulumi-keybase-encryption/keybase/crypto/ephemeral.go:57.2,59.3 1 1
github.com/pulumi/pulumi-keybase-encryption/keybase/crypto/ephemeral.go:65.74,66.27 1 1
github.com/pulumi/pulumi-keybase-encryption/keybase/crypto/ephemeral.go:66.27,68.3 1 1
github.com/pulumi/pulumi-keybase-encryption/keybase/crypto/ephemeral.go:71.2,72.16 2 1
github.com/pulumi/pulumi-keybase-encryption/keybase/crypto/ephemeral.go:72.16,75.26 1 1
github.com/pulumi/pulumi-keybase-encryption/keybase/crypto/ephemeral.go:75.26,77.4 1 1
github.com/pulumi/pulumi-keybase-encryption/keybase/crypto/ephemeral.go:78.3,78.64 1 0
github.com/pulumi/pulumi-keybase-encryption/keybase/crypto/ephemeral.go:81.2,81.42 1 1
github.com/pulumi/pulumi-keybase-encryption/keybase/crypto/ephemeral.go:81.42,83.3 1 0
github.com/pulumi/pulumi-keybase-encryption/keybase/crypto/ephemeral.go:85.2,88.8 1 1
github.com/pulumi/pulumi-keybase-encryption/keybase/crypto/ephemeral.go:94.86,95.16 1 1
github.com/pulumi/pulumi-keybase-encryption/keybase/crypto/ephemeral.go:95.16,97.3 1 1
github.com/pulumi/pulumi-keybase-encryption/keybase/crypto/ephemeral.go:99.2,101.29 2 1
github.com/pulumi/pulumi-keybase-encryption/keybase/crypto/ephemeral.go:101.29,103.17 2 1
github.com/pulumi/pulumi-keybase-encryption/keybase/crypto/ephemeral.go:103.17,105.4 1 1
github.com/pulumi/pulumi-keybase-encryption/keybase/crypto/ephemeral.go:106.3,106.30 1 1
github.com/pulumi/pulumi-keybase-encryption/keybase/crypto/ephemeral.go:109.2,109.19 1 1
github.com/pulumi/pulumi-keybase-encryption/keybase/crypto/ephemeral.go:114.37,115.16 1 1
github.com/pulumi/pulumi-keybase-encryption/keybase/crypto/ephemeral.go:115.16,117.3 1 1
github.com/pulumi/pulumi-keybase-encryption/keybase/crypto/ephemeral.go:120.2,125.30 2 1
github.com/pulumi/pulumi-keybase-encryption/keybase/crypto/ephemeral.go:129.38,130.37 1 1
github.com/pulumi/pulumi-keybase-encryption/keybase/crypto/ephemeral.go:130.37,132.3 1 1
github.com/pulumi/pulumi-keybase-encryption/keybase/crypto/ephemeral.go:135.2,138.30 3 1
github.com/pulumi/pulumi-keybase-encryption/keybase/crypto/ephemeral.go:138.30,139.33 1 1
github.com/pulumi/pulumi-keybase-encryption/keybase/crypto/ephemeral.go:139.33,141.4 1 1
github.com/pulumi/pulumi-keybase-encryption/keybase/crypto/ephemeral.go:141.9,143.4 1 1
github.com/pulumi/pulumi-keybase-encryption/keybase/crypto/ephemeral.go:146.2,146.35 1 1
github.com/pulumi/pulumi-keybase-encryption/keybase/crypto/ephemeral.go:146.35,147.43 1 1
github.com/pulumi/pulumi-keybase-encryption/keybase/crypto/ephemeral.go:147.43,149.4 1 1
github.com/pulumi/pulumi-keybase-encryption/keybase/crypto/ephemeral.go:149.9,151.4 1 1
github.com/pulumi/pulumi-keybase-encryption/keybase/crypto/ephemeral.go:155.2,155.53 1 1
github.com/pulumi/pulumi-keybase-encryption/keybase/crypto/ephemeral.go:155.53,157.41 2 1
github.com/pulumi/pulumi-keybase-encryption/keybase/crypto/ephemeral.go:157.41,158.37 1 1
github.com/pulumi/pulumi-keybase-encryption/keybase/crypto/ephemeral.go:158.37,160.10 2 1
github.com/pulumi/pulumi-keybase-encryption/keybase/crypto/ephemeral.go:163.3,163.12 1 1
github.com/pulumi/pulumi-keybase-encryption/keybase/crypto/ephemeral.go:163.12,165.4 1 1
github.com/pulumi/pulumi-keybase-encryption/keybase/crypto/ephemeral.go:168.2,168.14 1 1
github.com/pulumi/pulumi-keybase-encryption/keybase/crypto/ephemeral.go:172.39,174.2 1 1
github.com/pulumi/pulumi-keybase-encryption/keybase/crypto/ephemeral.go:177.39,179.2 1 1
github.com/pulumi/pulumi-keybase-encryption/keybase/crypto/ephemeral.go:183.32,184.20 1 1
github.com/pulumi/pulumi-keybase-encryption/keybase/crypto/ephemeral.go:184.20,186.3 1 1
github.com/pulumi/pulumi-keybase-encryption/keybase/crypto/ephemeral.go:190.38,191.17 1 1
github.com/pulumi/pulumi-keybase-encryption/keybase/crypto/ephemeral.go:191.17,193.3 1 1
github.com/pulumi/pulumi-keybase-encryption/keybase/crypto/ephemeral.go:194.2,196.32 2 1
github.com/pulumi/pulumi-keybase-encryption/keybase/crypto/ephemeral.go:196.32,198.3 1 1
